1600390743347	geckodriver	INFO	Listening on 127.0.0.1:57062
1600390746377	mozrunner::runner	INFO	Running command: "C:\\Program Files\\Mozilla Firefox\\firefox.exe" "--marionette" "-foreground" "-no-remote" "-profile" "C:\\Users\\Administrator\\AppData\\Local\\Temp\\rust_mozprofileO86C1g"
JavaScript error: resource://gre/modules/XULStore.jsm, line 66: Error: Can't find profile directory.
console.error: SearchCache: "_readCacheFile: Error reading cache file:" (new Error("", "(unknown module)"))
1600390749269	Marionette	INFO	Listening on port 57074
1600390749593	Marionette	WARN	TLS certificate errors will be ignored for this session
JavaScript warning: https://zd.winnermedical.com/minify?f=comps/requirejs/require.min.js,comps/jquery-legacy/jquery.min.js,comps/jquery-migrate/jquery-migrate-1.2.1.js,comps/bootstrap/dist/js/bootstrap.min.js,comps/jasny-bootstrap/dist/js/jasny-bootstrap.min.js,plugins/app/js/app.js,plugins/app/js/tips.js,plugins/app/js/require-config.js,plugins/admin/js/require-config.js,plugins/admin/js/ajax-tips.js,plugins/admin/js/popup.js,plugins/admin/js/admin.js,plugins/zd-admin/js/modal.js, line 3: Using //@ to indicate sourceMappingURL pragmas is deprecated. Use //# instead
JavaScript error: https://zd.winnermedical.com/minify?f=comps/raven-js/dist/raven.js,comps/raven-js/plugins/native.js,comps/raven-js/plugins/jquery.js,comps/raven-js/plugins/require.js, line 107: RavenConfigError: Invalid DSN: http://@/1
1600391046592	geckodriver	INFO	Listening on 127.0.0.1:58051
1600391049622	mozrunner::runner	INFO	Running command: "C:\\Program Files\\Mozilla Firefox\\firefox.exe" "--marionette" "headless" "-foreground" "-no-remote" "-profile" "C:\\Users\\Administrator\\AppData\\Local\\Temp\\rust_mozprofileNzQwuB"
JavaScript error: resource://gre/modules/XULStore.jsm, line 66: Error: Can't find profile directory.
console.error: SearchCache: "_readCacheFile: Error reading cache file:" (new Error("", "(unknown module)"))
1600391051628	Marionette	INFO	Listening on port 58064
1600391051773	Marionette	WARN	TLS certificate errors will be ignored for this session
JavaScript warning: https://zd.winnermedical.com/minify?f=comps/requirejs/require.min.js,comps/jquery-legacy/jquery.min.js,comps/jquery-migrate/jquery-migrate-1.2.1.js,comps/bootstrap/dist/js/bootstrap.min.js,comps/jasny-bootstrap/dist/js/jasny-bootstrap.min.js,plugins/app/js/app.js,plugins/app/js/tips.js,plugins/app/js/require-config.js,plugins/admin/js/require-config.js,plugins/admin/js/ajax-tips.js,plugins/admin/js/popup.js,plugins/admin/js/admin.js,plugins/zd-admin/js/modal.js, line 3: Using //@ to indicate sourceMappingURL pragmas is deprecated. Use //# instead
JavaScript error: https://zd.winnermedical.com/minify?f=comps/raven-js/dist/raven.js,comps/raven-js/plugins/native.js,comps/raven-js/plugins/jquery.js,comps/raven-js/plugins/require.js, line 107: RavenConfigError: Invalid DSN: http://@/1
1600391059455	Marionette	INFO	Stopped listening on port 58064

###!!! [Child][MessageChannel::SendAndWait] Error: Channel error: cannot send/recv

1600391166308	geckodriver	INFO	Listening on 127.0.0.1:58539
1600391169342	mozrunner::runner	INFO	Running command: "C:\\Program Files\\Mozilla Firefox\\firefox.exe" "--marionette" "--headless" "-foreground" "-no-remote" "-profile" "C:\\Users\\Administrator\\AppData\\Local\\Temp\\rust_mozprofilehTxK2A"
*** You are running in headless mode.
JavaScript error: resource://gre/modules/XULStore.jsm, line 66: Error: Can't find profile directory.
console.error: SearchCache: "_readCacheFile: Error reading cache file:" (new Error("", "(unknown module)"))
1600391170878	Marionette	INFO	Listening on port 58551
1600391170955	Marionette	WARN	TLS certificate errors will be ignored for this session
JavaScript warning: https://zd.winnermedical.com/minify?f=comps/requirejs/require.min.js,comps/jquery-legacy/jquery.min.js,comps/jquery-migrate/jquery-migrate-1.2.1.js,comps/bootstrap/dist/js/bootstrap.min.js,comps/jasny-bootstrap/dist/js/jasny-bootstrap.min.js,plugins/app/js/app.js,plugins/app/js/tips.js,plugins/app/js/require-config.js,plugins/admin/js/require-config.js,plugins/admin/js/ajax-tips.js,plugins/admin/js/popup.js,plugins/admin/js/admin.js,plugins/zd-admin/js/modal.js, line 3: Using //@ to indicate sourceMappingURL pragmas is deprecated. Use //# instead
JavaScript error: https://zd.winnermedical.com/minify?f=comps/raven-js/dist/raven.js,comps/raven-js/plugins/native.js,comps/raven-js/plugins/jquery.js,comps/raven-js/plugins/require.js, line 107: RavenConfigError: Invalid DSN: http://@/1
1600391190349	geckodriver	INFO	Listening on 127.0.0.1:58670
1600391193374	mozrunner::runner	INFO	Running command: "C:\\Program Files\\Mozilla Firefox\\firefox.exe" "--marionette" "--headless" "-foreground" "-no-remote" "-profile" "C:\\Users\\Administrator\\AppData\\Local\\Temp\\rust_mozprofile8d3BDX"
*** You are running in headless mode.
JavaScript error: resource://gre/modules/XULStore.jsm, line 66: Error: Can't find profile directory.
console.error: SearchCache: "_readCacheFile: Error reading cache file:" (new Error("", "(unknown module)"))
1600391194827	Marionette	INFO	Listening on port 58684
1600391194979	Marionette	WARN	TLS certificate errors will be ignored for this session
JavaScript warning: https://zd.winnermedical.com/minify?f=comps/requirejs/require.min.js,comps/jquery-legacy/jquery.min.js,comps/jquery-migrate/jquery-migrate-1.2.1.js,comps/bootstrap/dist/js/bootstrap.min.js,comps/jasny-bootstrap/dist/js/jasny-bootstrap.min.js,plugins/app/js/app.js,plugins/app/js/tips.js,plugins/app/js/require-config.js,plugins/admin/js/require-config.js,plugins/admin/js/ajax-tips.js,plugins/admin/js/popup.js,plugins/admin/js/admin.js,plugins/zd-admin/js/modal.js, line 3: Using //@ to indicate sourceMappingURL pragmas is deprecated. Use //# instead
JavaScript error: https://zd.winnermedical.com/minify?f=comps/raven-js/dist/raven.js,comps/raven-js/plugins/native.js,comps/raven-js/plugins/jquery.js,comps/raven-js/plugins/require.js, line 107: RavenConfigError: Invalid DSN: http://@/1
1600391346581	geckodriver	INFO	Listening on 127.0.0.1:59196
1600391349631	mozrunner::runner	INFO	Running command: "C:\\Program Files\\Mozilla Firefox\\firefox.exe" "--marionette" "--headless" "-foreground" "-no-remote" "-profile" "C:\\Users\\Administrator\\AppData\\Local\\Temp\\rust_mozprofilekBjmV3"
*** You are running in headless mode.
JavaScript error: resource://gre/modules/XULStore.jsm, line 66: Error: Can't find profile directory.
console.error: SearchCache: "_readCacheFile: Error reading cache file:" (new Error("", "(unknown module)"))
1600391351060	Marionette	INFO	Listening on port 59209
1600391351274	Marionette	WARN	TLS certificate errors will be ignored for this session
JavaScript warning: https://zd.winnermedical.com/minify?f=comps/requirejs/require.min.js,comps/jquery-legacy/jquery.min.js,comps/jquery-migrate/jquery-migrate-1.2.1.js,comps/bootstrap/dist/js/bootstrap.min.js,comps/jasny-bootstrap/dist/js/jasny-bootstrap.min.js,plugins/app/js/app.js,plugins/app/js/tips.js,plugins/app/js/require-config.js,plugins/admin/js/require-config.js,plugins/admin/js/ajax-tips.js,plugins/admin/js/popup.js,plugins/admin/js/admin.js,plugins/zd-admin/js/modal.js, line 3: Using //@ to indicate sourceMappingURL pragmas is deprecated. Use //# instead
JavaScript error: https://zd.winnermedical.com/minify?f=comps/raven-js/dist/raven.js,comps/raven-js/plugins/native.js,comps/raven-js/plugins/jquery.js,comps/raven-js/plugins/require.js, line 107: RavenConfigError: Invalid DSN: http://@/1
1600391394904	Marionette	INFO	Stopped listening on port 59209
1600392332807	geckodriver	INFO	Listening on 127.0.0.1:61661
1600392335813	mozrunner::runner	INFO	Running command: "C:\\Program Files\\Mozilla Firefox\\firefox.exe" "--marionette" "--headless" "-foreground" "-no-remote" "-profile" "C:\\Users\\Administrator\\AppData\\Local\\Temp\\rust_mozprofilekf71fN"
*** You are running in headless mode.
JavaScript error: resource://gre/modules/XULStore.jsm, line 66: Error: Can't find profile directory.
console.error: SearchCache: "_readCacheFile: Error reading cache file:" (new Error("", "(unknown module)"))
1600392337238	Marionette	INFO	Listening on port 61677
1600392337421	Marionette	WARN	TLS certificate errors will be ignored for this session
JavaScript warning: https://zd.winnermedical.com/minify?f=comps/requirejs/require.min.js,comps/jquery-legacy/jquery.min.js,comps/jquery-migrate/jquery-migrate-1.2.1.js,comps/bootstrap/dist/js/bootstrap.min.js,comps/jasny-bootstrap/dist/js/jasny-bootstrap.min.js,plugins/app/js/app.js,plugins/app/js/tips.js,plugins/app/js/require-config.js,plugins/admin/js/require-config.js,plugins/admin/js/ajax-tips.js,plugins/admin/js/popup.js,plugins/admin/js/admin.js,plugins/zd-admin/js/modal.js, line 3: Using //@ to indicate sourceMappingURL pragmas is deprecated. Use //# instead
JavaScript error: https://zd.winnermedical.com/minify?f=comps/raven-js/dist/raven.js,comps/raven-js/plugins/native.js,comps/raven-js/plugins/jquery.js,comps/raven-js/plugins/require.js, line 107: RavenConfigError: Invalid DSN: http://@/1
1600392349353	Marionette	INFO	Stopped listening on port 61677
1600392397954	geckodriver	INFO	Listening on 127.0.0.1:61874
1600392400971	mozrunner::runner	INFO	Running command: "C:\\Program Files\\Mozilla Firefox\\firefox.exe" "--marionette" "--headless" "-foreground" "-no-remote" "-profile" "C:\\Users\\Administrator\\AppData\\Local\\Temp\\rust_mozprofilePAa7d2"
*** You are running in headless mode.
JavaScript error: resource://gre/modules/XULStore.jsm, line 66: Error: Can't find profile directory.
console.error: SearchCache: "_readCacheFile: Error reading cache file:" (new Error("", "(unknown module)"))
1600392402286	Marionette	INFO	Listening on port 61888
1600392402577	Marionette	WARN	TLS certificate errors will be ignored for this session
JavaScript warning: https://zd.winnermedical.com/minify?f=comps/requirejs/require.min.js,comps/jquery-legacy/jquery.min.js,comps/jquery-migrate/jquery-migrate-1.2.1.js,comps/bootstrap/dist/js/bootstrap.min.js,comps/jasny-bootstrap/dist/js/jasny-bootstrap.min.js,plugins/app/js/app.js,plugins/app/js/tips.js,plugins/app/js/require-config.js,plugins/admin/js/require-config.js,plugins/admin/js/ajax-tips.js,plugins/admin/js/popup.js,plugins/admin/js/admin.js,plugins/zd-admin/js/modal.js, line 3: Using //@ to indicate sourceMappingURL pragmas is deprecated. Use //# instead
JavaScript error: https://zd.winnermedical.com/minify?f=comps/raven-js/dist/raven.js,comps/raven-js/plugins/native.js,comps/raven-js/plugins/jquery.js,comps/raven-js/plugins/require.js, line 107: RavenConfigError: Invalid DSN: http://@/1
1600392526217	geckodriver	INFO	Listening on 127.0.0.1:62294
1600392529233	mozrunner::runner	INFO	Running command: "C:\\Program Files\\Mozilla Firefox\\firefox.exe" "--marionette" "--headless" "-foreground" "-no-remote" "-profile" "C:\\Users\\Administrator\\AppData\\Local\\Temp\\rust_mozprofileCN3PzB"
*** You are running in headless mode.
JavaScript error: resource://gre/modules/XULStore.jsm, line 66: Error: Can't find profile directory.
console.error: SearchCache: "_readCacheFile: Error reading cache file:" (new Error("", "(unknown module)"))
1600392530613	Marionette	INFO	Listening on port 62307
1600392530847	Marionette	WARN	TLS certificate errors will be ignored for this session
JavaScript warning: https://zd.winnermedical.com/minify?f=comps/requirejs/require.min.js,comps/jquery-legacy/jquery.min.js,comps/jquery-migrate/jquery-migrate-1.2.1.js,comps/bootstrap/dist/js/bootstrap.min.js,comps/jasny-bootstrap/dist/js/jasny-bootstrap.min.js,plugins/app/js/app.js,plugins/app/js/tips.js,plugins/app/js/require-config.js,plugins/admin/js/require-config.js,plugins/admin/js/ajax-tips.js,plugins/admin/js/popup.js,plugins/admin/js/admin.js,plugins/zd-admin/js/modal.js, line 3: Using //@ to indicate sourceMappingURL pragmas is deprecated. Use //# instead
JavaScript error: https://zd.winnermedical.com/minify?f=comps/raven-js/dist/raven.js,comps/raven-js/plugins/native.js,comps/raven-js/plugins/jquery.js,comps/raven-js/plugins/require.js, line 107: RavenConfigError: Invalid DSN: http://@/1
1600392538754	Marionette	INFO	Stopped listening on port 62307
1600392686017	geckodriver	INFO	Listening on 127.0.0.1:62708
1600392689032	mozrunner::runner	INFO	Running command: "C:\\Program Files\\Mozilla Firefox\\firefox.exe" "--marionette" "--headless" "-foreground" "-no-remote" "-profile" "C:\\Users\\Administrator\\AppData\\Local\\Temp\\rust_mozprofileKRb1ZO"
*** You are running in headless mode.
JavaScript error: resource://gre/modules/XULStore.jsm, line 66: Error: Can't find profile directory.
console.error: SearchCache: "_readCacheFile: Error reading cache file:" (new Error("", "(unknown module)"))
1600392690399	Marionette	INFO	Listening on port 62721
1600392690639	Marionette	WARN	TLS certificate errors will be ignored for this session
JavaScript warning: https://zd.winnermedical.com/minify?f=comps/requirejs/require.min.js,comps/jquery-legacy/jquery.min.js,comps/jquery-migrate/jquery-migrate-1.2.1.js,comps/bootstrap/dist/js/bootstrap.min.js,comps/jasny-bootstrap/dist/js/jasny-bootstrap.min.js,plugins/app/js/app.js,plugins/app/js/tips.js,plugins/app/js/require-config.js,plugins/admin/js/require-config.js,plugins/admin/js/ajax-tips.js,plugins/admin/js/popup.js,plugins/admin/js/admin.js,plugins/zd-admin/js/modal.js, line 3: Using //@ to indicate sourceMappingURL pragmas is deprecated. Use //# instead
JavaScript error: https://zd.winnermedical.com/minify?f=comps/raven-js/dist/raven.js,comps/raven-js/plugins/native.js,comps/raven-js/plugins/jquery.js,comps/raven-js/plugins/require.js, line 107: RavenConfigError: Invalid DSN: http://@/1
1600392709967	Marionette	INFO	Stopped listening on port 62721
1600392825333	geckodriver	INFO	Listening on 127.0.0.1:63124
1600392828344	mozrunner::runner	INFO	Running command: "C:\\Program Files\\Mozilla Firefox\\firefox.exe" "--marionette" "--headless" "-foreground" "-no-remote" "-profile" "C:\\Users\\Administrator\\AppData\\Local\\Temp\\rust_mozprofilefBXtpD"
*** You are running in headless mode.
JavaScript error: resource://gre/modules/XULStore.jsm, line 66: Error: Can't find profile directory.
console.error: SearchCache: "_readCacheFile: Error reading cache file:" (new Error("", "(unknown module)"))
1600392829755	Marionette	INFO	Listening on port 63139
1600392829951	Marionette	WARN	TLS certificate errors will be ignored for this session
JavaScript warning: https://zd.winnermedical.com/minify?f=comps/requirejs/require.min.js,comps/jquery-legacy/jquery.min.js,comps/jquery-migrate/jquery-migrate-1.2.1.js,comps/bootstrap/dist/js/bootstrap.min.js,comps/jasny-bootstrap/dist/js/jasny-bootstrap.min.js,plugins/app/js/app.js,plugins/app/js/tips.js,plugins/app/js/require-config.js,plugins/admin/js/require-config.js,plugins/admin/js/ajax-tips.js,plugins/admin/js/popup.js,plugins/admin/js/admin.js,plugins/zd-admin/js/modal.js, line 3: Using //@ to indicate sourceMappingURL pragmas is deprecated. Use //# instead
JavaScript error: https://zd.winnermedical.com/minify?f=comps/raven-js/dist/raven.js,comps/raven-js/plugins/native.js,comps/raven-js/plugins/jquery.js,comps/raven-js/plugins/require.js, line 107: RavenConfigError: Invalid DSN: http://@/1
1600392846161	Marionette	INFO	Stopped listening on port 63139
1600392906853	geckodriver	INFO	Listening on 127.0.0.1:63371
1600392909880	mozrunner::runner	INFO	Running command: "C:\\Program Files\\Mozilla Firefox\\firefox.exe" "--marionette" "--headless" "-foreground" "-no-remote" "-profile" "C:\\Users\\Administrator\\AppData\\Local\\Temp\\rust_mozprofileeEIO3t"
*** You are running in headless mode.
JavaScript error: resource://gre/modules/XULStore.jsm, line 66: Error: Can't find profile directory.
console.error: SearchCache: "_readCacheFile: Error reading cache file:" (new Error("", "(unknown module)"))
1600392911233	Marionette	INFO	Listening on port 63383
1600392911487	Marionette	WARN	TLS certificate errors will be ignored for this session
JavaScript warning: https://zd.winnermedical.com/minify?f=comps/requirejs/require.min.js,comps/jquery-legacy/jquery.min.js,comps/jquery-migrate/jquery-migrate-1.2.1.js,comps/bootstrap/dist/js/bootstrap.min.js,comps/jasny-bootstrap/dist/js/jasny-bootstrap.min.js,plugins/app/js/app.js,plugins/app/js/tips.js,plugins/app/js/require-config.js,plugins/admin/js/require-config.js,plugins/admin/js/ajax-tips.js,plugins/admin/js/popup.js,plugins/admin/js/admin.js,plugins/zd-admin/js/modal.js, line 3: Using //@ to indicate sourceMappingURL pragmas is deprecated. Use //# instead
JavaScript error: https://zd.winnermedical.com/minify?f=comps/raven-js/dist/raven.js,comps/raven-js/plugins/native.js,comps/raven-js/plugins/jquery.js,comps/raven-js/plugins/require.js, line 107: RavenConfigError: Invalid DSN: http://@/1
1600392920083	Marionette	INFO	Stopped listening on port 63383
1600392942392	geckodriver	INFO	Listening on 127.0.0.1:63558
1600392945409	mozrunner::runner	INFO	Running command: "C:\\Program Files\\Mozilla Firefox\\firefox.exe" "--marionette" "--headless" "-foreground" "-no-remote" "-profile" "C:\\Users\\Administrator\\AppData\\Local\\Temp\\rust_mozprofilePaa2UZ"
*** You are running in headless mode.
JavaScript error: resource://gre/modules/XULStore.jsm, line 66: Error: Can't find profile directory.
console.error: SearchCache: "_readCacheFile: Error reading cache file:" (new Error("", "(unknown module)"))
1600392946791	Marionette	INFO	Listening on port 63573
1600392947015	Marionette	WARN	TLS certificate errors will be ignored for this session
JavaScript warning: https://zd.winnermedical.com/minify?f=comps/requirejs/require.min.js,comps/jquery-legacy/jquery.min.js,comps/jquery-migrate/jquery-migrate-1.2.1.js,comps/bootstrap/dist/js/bootstrap.min.js,comps/jasny-bootstrap/dist/js/jasny-bootstrap.min.js,plugins/app/js/app.js,plugins/app/js/tips.js,plugins/app/js/require-config.js,plugins/admin/js/require-config.js,plugins/admin/js/ajax-tips.js,plugins/admin/js/popup.js,plugins/admin/js/admin.js,plugins/zd-admin/js/modal.js, line 3: Using //@ to indicate sourceMappingURL pragmas is deprecated. Use //# instead
JavaScript error: https://zd.winnermedical.com/minify?f=comps/raven-js/dist/raven.js,comps/raven-js/plugins/native.js,comps/raven-js/plugins/jquery.js,comps/raven-js/plugins/require.js, line 107: RavenConfigError: Invalid DSN: http://@/1
1600392957269	Marionette	INFO	Stopped listening on port 63573
1600392983896	geckodriver	INFO	Listening on 127.0.0.1:63727
1600392986914	mozrunner::runner	INFO	Running command: "C:\\Program Files\\Mozilla Firefox\\firefox.exe" "--marionette" "--headless" "-foreground" "-no-remote" "-profile" "C:\\Users\\Administrator\\AppData\\Local\\Temp\\rust_mozprofileDHqGZq"
*** You are running in headless mode.
JavaScript error: resource://gre/modules/XULStore.jsm, line 66: Error: Can't find profile directory.
console.error: SearchCache: "_readCacheFile: Error reading cache file:" (new Error("", "(unknown module)"))
1600392988264	Marionette	INFO	Listening on port 63740
1600392988523	Marionette	WARN	TLS certificate errors will be ignored for this session
JavaScript warning: https://zd.winnermedical.com/minify?f=comps/requirejs/require.min.js,comps/jquery-legacy/jquery.min.js,comps/jquery-migrate/jquery-migrate-1.2.1.js,comps/bootstrap/dist/js/bootstrap.min.js,comps/jasny-bootstrap/dist/js/jasny-bootstrap.min.js,plugins/app/js/app.js,plugins/app/js/tips.js,plugins/app/js/require-config.js,plugins/admin/js/require-config.js,plugins/admin/js/ajax-tips.js,plugins/admin/js/popup.js,plugins/admin/js/admin.js,plugins/zd-admin/js/modal.js, line 3: Using //@ to indicate sourceMappingURL pragmas is deprecated. Use //# instead
JavaScript error: https://zd.winnermedical.com/minify?f=comps/raven-js/dist/raven.js,comps/raven-js/plugins/native.js,comps/raven-js/plugins/jquery.js,comps/raven-js/plugins/require.js, line 107: RavenConfigError: Invalid DSN: http://@/1
1600392992489	Marionette	INFO	Stopped listening on port 63740
1600393074688	geckodriver	INFO	Listening on 127.0.0.1:64008
1600393077718	mozrunner::runner	INFO	Running command: "C:\\Program Files\\Mozilla Firefox\\firefox.exe" "--marionette" "--headless" "-foreground" "-no-remote" "-profile" "C:\\Users\\Administrator\\AppData\\Local\\Temp\\rust_mozprofilecY1RAT"
*** You are running in headless mode.
JavaScript error: resource://gre/modules/XULStore.jsm, line 66: Error: Can't find profile directory.
console.error: SearchCache: "_readCacheFile: Error reading cache file:" (new Error("", "(unknown module)"))
1600393079163	Marionette	INFO	Listening on port 64023
1600393079325	Marionette	WARN	TLS certificate errors will be ignored for this session
JavaScript warning: https://zd.winnermedical.com/minify?f=comps/requirejs/require.min.js,comps/jquery-legacy/jquery.min.js,comps/jquery-migrate/jquery-migrate-1.2.1.js,comps/bootstrap/dist/js/bootstrap.min.js,comps/jasny-bootstrap/dist/js/jasny-bootstrap.min.js,plugins/app/js/app.js,plugins/app/js/tips.js,plugins/app/js/require-config.js,plugins/admin/js/require-config.js,plugins/admin/js/ajax-tips.js,plugins/admin/js/popup.js,plugins/admin/js/admin.js,plugins/zd-admin/js/modal.js, line 3: Using //@ to indicate sourceMappingURL pragmas is deprecated. Use //# instead
JavaScript error: https://zd.winnermedical.com/minify?f=comps/raven-js/dist/raven.js,comps/raven-js/plugins/native.js,comps/raven-js/plugins/jquery.js,comps/raven-js/plugins/require.js, line 107: RavenConfigError: Invalid DSN: http://@/1
1600393087449	Marionette	INFO	Stopped listening on port 64023
1600393157405	geckodriver	INFO	Listening on 127.0.0.1:64296
1600393160424	mozrunner::runner	INFO	Running command: "C:\\Program Files\\Mozilla Firefox\\firefox.exe" "--marionette" "--headless" "-foreground" "-no-remote" "-profile" "C:\\Users\\Administrator\\AppData\\Local\\Temp\\rust_mozprofileCpW59t"
*** You are running in headless mode.
JavaScript error: resource://gre/modules/XULStore.jsm, line 66: Error: Can't find profile directory.
console.error: SearchCache: "_readCacheFile: Error reading cache file:" (new Error("", "(unknown module)"))
1600393161908	Marionette	INFO	Listening on port 64308
1600393162030	Marionette	WARN	TLS certificate errors will be ignored for this session
JavaScript warning: https://zd.winnermedical.com/minify?f=comps/requirejs/require.min.js,comps/jquery-legacy/jquery.min.js,comps/jquery-migrate/jquery-migrate-1.2.1.js,comps/bootstrap/dist/js/bootstrap.min.js,comps/jasny-bootstrap/dist/js/jasny-bootstrap.min.js,plugins/app/js/app.js,plugins/app/js/tips.js,plugins/app/js/require-config.js,plugins/admin/js/require-config.js,plugins/admin/js/ajax-tips.js,plugins/admin/js/popup.js,plugins/admin/js/admin.js,plugins/zd-admin/js/modal.js, line 3: Using //@ to indicate sourceMappingURL pragmas is deprecated. Use //# instead
JavaScript error: https://zd.winnermedical.com/minify?f=comps/raven-js/dist/raven.js,comps/raven-js/plugins/native.js,comps/raven-js/plugins/jquery.js,comps/raven-js/plugins/require.js, line 107: RavenConfigError: Invalid DSN: http://@/1
1600393164742	Marionette	INFO	Stopped listening on port 64308
1600393291501	geckodriver	INFO	Listening on 127.0.0.1:64659
1600393294516	mozrunner::runner	INFO	Running command: "C:\\Program Files\\Mozilla Firefox\\firefox.exe" "--marionette" "--headless" "-foreground" "-no-remote" "-profile" "C:\\Users\\Administrator\\AppData\\Local\\Temp\\rust_mozprofileVrJks6"
*** You are running in headless mode.
JavaScript error: resource://gre/modules/XULStore.jsm, line 66: Error: Can't find profile directory.
console.error: SearchCache: "_readCacheFile: Error reading cache file:" (new Error("", "(unknown module)"))
1600393296232	Marionette	INFO	Listening on port 64674
1600393296627	Marionette	WARN	TLS certificate errors will be ignored for this session
JavaScript warning: https://zd.winnermedical.com/minify?f=comps/requirejs/require.min.js,comps/jquery-legacy/jquery.min.js,comps/jquery-migrate/jquery-migrate-1.2.1.js,comps/bootstrap/dist/js/bootstrap.min.js,comps/jasny-bootstrap/dist/js/jasny-bootstrap.min.js,plugins/app/js/app.js,plugins/app/js/tips.js,plugins/app/js/require-config.js,plugins/admin/js/require-config.js,plugins/admin/js/ajax-tips.js,plugins/admin/js/popup.js,plugins/admin/js/admin.js,plugins/zd-admin/js/modal.js, line 3: Using //@ to indicate sourceMappingURL pragmas is deprecated. Use //# instead
JavaScript error: https://zd.winnermedical.com/minify?f=comps/raven-js/dist/raven.js,comps/raven-js/plugins/native.js,comps/raven-js/plugins/jquery.js,comps/raven-js/plugins/require.js, line 107: RavenConfigError: Invalid DSN: http://@/1
1600393300031	Marionette	INFO	Stopped listening on port 64674

###!!! [Child][RunMessage] Error: Channel closing: too late to send/recv, messages will be lost

1600393348476	geckodriver	INFO	Listening on 127.0.0.1:64906
1600393351484	mozrunner::runner	INFO	Running command: "C:\\Program Files\\Mozilla Firefox\\firefox.exe" "--marionette" "--headless" "-foreground" "-no-remote" "-profile" "C:\\Users\\Administrator\\AppData\\Local\\Temp\\rust_mozprofileecmurS"
*** You are running in headless mode.
JavaScript error: resource://gre/modules/XULStore.jsm, line 66: Error: Can't find profile directory.
console.error: SearchCache: "_readCacheFile: Error reading cache file:" (new Error("", "(unknown module)"))
1600393352906	Marionette	INFO	Listening on port 64919
1600393353096	Marionette	WARN	TLS certificate errors will be ignored for this session
JavaScript warning: https://zd.winnermedical.com/minify?f=comps/requirejs/require.min.js,comps/jquery-legacy/jquery.min.js,comps/jquery-migrate/jquery-migrate-1.2.1.js,comps/bootstrap/dist/js/bootstrap.min.js,comps/jasny-bootstrap/dist/js/jasny-bootstrap.min.js,plugins/app/js/app.js,plugins/app/js/tips.js,plugins/app/js/require-config.js,plugins/admin/js/require-config.js,plugins/admin/js/ajax-tips.js,plugins/admin/js/popup.js,plugins/admin/js/admin.js,plugins/zd-admin/js/modal.js, line 3: Using //@ to indicate sourceMappingURL pragmas is deprecated. Use //# instead
JavaScript error: https://zd.winnermedical.com/minify?f=comps/raven-js/dist/raven.js,comps/raven-js/plugins/native.js,comps/raven-js/plugins/jquery.js,comps/raven-js/plugins/require.js, line 107: RavenConfigError: Invalid DSN: http://@/1
1600393355987	Marionette	INFO	Stopped listening on port 64919
1600393381663	geckodriver	INFO	Listening on 127.0.0.1:65091
1600393384672	mozrunner::runner	INFO	Running command: "C:\\Program Files\\Mozilla Firefox\\firefox.exe" "--marionette" "--headless" "-foreground" "-no-remote" "-profile" "C:\\Users\\Administrator\\AppData\\Local\\Temp\\rust_mozprofile2f1yzZ"
*** You are running in headless mode.
JavaScript error: resource://gre/modules/XULStore.jsm, line 66: Error: Can't find profile directory.
console.error: SearchCache: "_readCacheFile: Error reading cache file:" (new Error("", "(unknown module)"))
1600393386290	Marionette	INFO	Listening on port 65106
1600393386782	Marionette	WARN	TLS certificate errors will be ignored for this session
JavaScript warning: https://zd.winnermedical.com/minify?f=comps/requirejs/require.min.js,comps/jquery-legacy/jquery.min.js,comps/jquery-migrate/jquery-migrate-1.2.1.js,comps/bootstrap/dist/js/bootstrap.min.js,comps/jasny-bootstrap/dist/js/jasny-bootstrap.min.js,plugins/app/js/app.js,plugins/app/js/tips.js,plugins/app/js/require-config.js,plugins/admin/js/require-config.js,plugins/admin/js/ajax-tips.js,plugins/admin/js/popup.js,plugins/admin/js/admin.js,plugins/zd-admin/js/modal.js, line 3: Using //@ to indicate sourceMappingURL pragmas is deprecated. Use //# instead
JavaScript error: https://zd.winnermedical.com/minify?f=comps/raven-js/dist/raven.js,comps/raven-js/plugins/native.js,comps/raven-js/plugins/jquery.js,comps/raven-js/plugins/require.js, line 107: RavenConfigError: Invalid DSN: http://@/1
1600393389667	Marionette	INFO	Stopped listening on port 65106
[Parent 13164, Gecko_IOThread] WARNING: file /builds/worker/checkouts/gecko/ipc/chromium/src/base/process_util_win.cc, line 166
[Parent 13164, Gecko_IOThread] WARNING: file /builds/worker/checkouts/gecko/ipc/chromium/src/base/process_util_win.cc, line 166
1600393404381	geckodriver	INFO	Listening on 127.0.0.1:65202
1600393407406	mozrunner::runner	INFO	Running command: "C:\\Program Files\\Mozilla Firefox\\firefox.exe" "--marionette" "--headless" "-foreground" "-no-remote" "-profile" "C:\\Users\\Administrator\\AppData\\Local\\Temp\\rust_mozprofileBYfNiA"
*** You are running in headless mode.
JavaScript error: resource://gre/modules/XULStore.jsm, line 66: Error: Can't find profile directory.
console.error: SearchCache: "_readCacheFile: Error reading cache file:" (new Error("", "(unknown module)"))
1600393408814	Marionette	INFO	Listening on port 65216
1600393409013	Marionette	WARN	TLS certificate errors will be ignored for this session
JavaScript warning: https://zd.winnermedical.com/minify?f=comps/requirejs/require.min.js,comps/jquery-legacy/jquery.min.js,comps/jquery-migrate/jquery-migrate-1.2.1.js,comps/bootstrap/dist/js/bootstrap.min.js,comps/jasny-bootstrap/dist/js/jasny-bootstrap.min.js,plugins/app/js/app.js,plugins/app/js/tips.js,plugins/app/js/require-config.js,plugins/admin/js/require-config.js,plugins/admin/js/ajax-tips.js,plugins/admin/js/popup.js,plugins/admin/js/admin.js,plugins/zd-admin/js/modal.js, line 3: Using //@ to indicate sourceMappingURL pragmas is deprecated. Use //# instead
JavaScript error: https://zd.winnermedical.com/minify?f=comps/raven-js/dist/raven.js,comps/raven-js/plugins/native.js,comps/raven-js/plugins/jquery.js,comps/raven-js/plugins/require.js, line 107: RavenConfigError: Invalid DSN: http://@/1
1600393414231	Marionette	INFO	Stopped listening on port 65216
1600393429725	geckodriver	INFO	Listening on 127.0.0.1:65315
1600393432754	mozrunner::runner	INFO	Running command: "C:\\Program Files\\Mozilla Firefox\\firefox.exe" "--marionette" "--headless" "-foreground" "-no-remote" "-profile" "C:\\Users\\Administrator\\AppData\\Local\\Temp\\rust_mozprofileOdmkfs"
*** You are running in headless mode.
JavaScript error: resource://gre/modules/XULStore.jsm, line 66: Error: Can't find profile directory.
console.error: SearchCache: "_readCacheFile: Error reading cache file:" (new Error("", "(unknown module)"))
1600393434299	Marionette	INFO	Listening on port 65330
1600393434362	Marionette	WARN	TLS certificate errors will be ignored for this session
JavaScript warning: https://zd.winnermedical.com/minify?f=comps/requirejs/require.min.js,comps/jquery-legacy/jquery.min.js,comps/jquery-migrate/jquery-migrate-1.2.1.js,comps/bootstrap/dist/js/bootstrap.min.js,comps/jasny-bootstrap/dist/js/jasny-bootstrap.min.js,plugins/app/js/app.js,plugins/app/js/tips.js,plugins/app/js/require-config.js,plugins/admin/js/require-config.js,plugins/admin/js/ajax-tips.js,plugins/admin/js/popup.js,plugins/admin/js/admin.js,plugins/zd-admin/js/modal.js, line 3: Using //@ to indicate sourceMappingURL pragmas is deprecated. Use //# instead
JavaScript error: https://zd.winnermedical.com/minify?f=comps/raven-js/dist/raven.js,comps/raven-js/plugins/native.js,comps/raven-js/plugins/jquery.js,comps/raven-js/plugins/require.js, line 107: RavenConfigError: Invalid DSN: http://@/1
1600393439838	Marionette	INFO	Stopped listening on port 65330
1600393474035	geckodriver	INFO	Listening on 127.0.0.1:65516
1600393477063	mozrunner::runner	INFO	Running command: "C:\\Program Files\\Mozilla Firefox\\firefox.exe" "--marionette" "--headless" "-foreground" "-no-remote" "-profile" "C:\\Users\\Administrator\\AppData\\Local\\Temp\\rust_mozprofilemGmUcA"
*** You are running in headless mode.
JavaScript error: resource://gre/modules/XULStore.jsm, line 66: Error: Can't find profile directory.
console.error: SearchCache: "_readCacheFile: Error reading cache file:" (new Error("", "(unknown module)"))
1600393478468	Marionette	INFO	Listening on port 49152
1600393478672	Marionette	WARN	TLS certificate errors will be ignored for this session
JavaScript warning: https://zd.winnermedical.com/minify?f=comps/requirejs/require.min.js,comps/jquery-legacy/jquery.min.js,comps/jquery-migrate/jquery-migrate-1.2.1.js,comps/bootstrap/dist/js/bootstrap.min.js,comps/jasny-bootstrap/dist/js/jasny-bootstrap.min.js,plugins/app/js/app.js,plugins/app/js/tips.js,plugins/app/js/require-config.js,plugins/admin/js/require-config.js,plugins/admin/js/ajax-tips.js,plugins/admin/js/popup.js,plugins/admin/js/admin.js,plugins/zd-admin/js/modal.js, line 3: Using //@ to indicate sourceMappingURL pragmas is deprecated. Use //# instead
JavaScript error: https://zd.winnermedical.com/minify?f=comps/raven-js/dist/raven.js,comps/raven-js/plugins/native.js,comps/raven-js/plugins/jquery.js,comps/raven-js/plugins/require.js, line 107: RavenConfigError: Invalid DSN: http://@/1
1600393481257	Marionette	INFO	Stopped listening on port 49152
1600393489756	geckodriver	INFO	Listening on 127.0.0.1:49217
1600393492774	mozrunner::runner	INFO	Running command: "C:\\Program Files\\Mozilla Firefox\\firefox.exe" "--marionette" "--headless" "-foreground" "-no-remote" "-profile" "C:\\Users\\Administrator\\AppData\\Local\\Temp\\rust_mozprofile36wp1B"
*** You are running in headless mode.
JavaScript error: resource://gre/modules/XULStore.jsm, line 66: Error: Can't find profile directory.
console.error: SearchCache: "_readCacheFile: Error reading cache file:" (new Error("", "(unknown module)"))
1600393494230	Marionette	INFO	Listening on port 49232
1600393494381	Marionette	WARN	TLS certificate errors will be ignored for this session
JavaScript warning: https://zd.winnermedical.com/minify?f=comps/requirejs/require.min.js,comps/jquery-legacy/jquery.min.js,comps/jquery-migrate/jquery-migrate-1.2.1.js,comps/bootstrap/dist/js/bootstrap.min.js,comps/jasny-bootstrap/dist/js/jasny-bootstrap.min.js,plugins/app/js/app.js,plugins/app/js/tips.js,plugins/app/js/require-config.js,plugins/admin/js/require-config.js,plugins/admin/js/ajax-tips.js,plugins/admin/js/popup.js,plugins/admin/js/admin.js,plugins/zd-admin/js/modal.js, line 3: Using //@ to indicate sourceMappingURL pragmas is deprecated. Use //# instead
JavaScript error: https://zd.winnermedical.com/minify?f=comps/raven-js/dist/raven.js,comps/raven-js/plugins/native.js,comps/raven-js/plugins/jquery.js,comps/raven-js/plugins/require.js, line 107: RavenConfigError: Invalid DSN: http://@/1
1600393497205	Marionette	INFO	Stopped listening on port 49232
1600393504338	geckodriver	INFO	Listening on 127.0.0.1:49298
1600393507370	mozrunner::runner	INFO	Running command: "C:\\Program Files\\Mozilla Firefox\\firefox.exe" "--marionette" "--headless" "-foreground" "-no-remote" "-profile" "C:\\Users\\Administrator\\AppData\\Local\\Temp\\rust_mozprofilef028RM"
*** You are running in headless mode.
JavaScript error: resource://gre/modules/XULStore.jsm, line 66: Error: Can't find profile directory.
console.error: SearchCache: "_readCacheFile: Error reading cache file:" (new Error("", "(unknown module)"))
1600393508775	Marionette	INFO	Listening on port 49311
1600393508976	Marionette	WARN	TLS certificate errors will be ignored for this session
JavaScript warning: https://zd.winnermedical.com/minify?f=comps/requirejs/require.min.js,comps/jquery-legacy/jquery.min.js,comps/jquery-migrate/jquery-migrate-1.2.1.js,comps/bootstrap/dist/js/bootstrap.min.js,comps/jasny-bootstrap/dist/js/jasny-bootstrap.min.js,plugins/app/js/app.js,plugins/app/js/tips.js,plugins/app/js/require-config.js,plugins/admin/js/require-config.js,plugins/admin/js/ajax-tips.js,plugins/admin/js/popup.js,plugins/admin/js/admin.js,plugins/zd-admin/js/modal.js, line 3: Using //@ to indicate sourceMappingURL pragmas is deprecated. Use //# instead
JavaScript error: https://zd.winnermedical.com/minify?f=comps/raven-js/dist/raven.js,comps/raven-js/plugins/native.js,comps/raven-js/plugins/jquery.js,comps/raven-js/plugins/require.js, line 107: RavenConfigError: Invalid DSN: http://@/1
1600393511794	Marionette	INFO	Stopped listening on port 49311

###!!! [Child][RunMessage] Error: Channel closing: too late to send/recv, messages will be lost

1600393570491	geckodriver	INFO	Listening on 127.0.0.1:49503
1600393573531	mozrunner::runner	INFO	Running command: "C:\\Program Files\\Mozilla Firefox\\firefox.exe" "--marionette" "--headless" "-foreground" "-no-remote" "-profile" "C:\\Users\\Administrator\\AppData\\Local\\Temp\\rust_mozprofilebN6DOS"
*** You are running in headless mode.
JavaScript error: resource://gre/modules/XULStore.jsm, line 66: Error: Can't find profile directory.
console.error: SearchCache: "_readCacheFile: Error reading cache file:" (new Error("", "(unknown module)"))
1600393575475	Marionette	INFO	Listening on port 49521
1600393575638	Marionette	WARN	TLS certificate errors will be ignored for this session
JavaScript warning: https://zd.winnermedical.com/minify?f=comps/requirejs/require.min.js,comps/jquery-legacy/jquery.min.js,comps/jquery-migrate/jquery-migrate-1.2.1.js,comps/bootstrap/dist/js/bootstrap.min.js,comps/jasny-bootstrap/dist/js/jasny-bootstrap.min.js,plugins/app/js/app.js,plugins/app/js/tips.js,plugins/app/js/require-config.js,plugins/admin/js/require-config.js,plugins/admin/js/ajax-tips.js,plugins/admin/js/popup.js,plugins/admin/js/admin.js,plugins/zd-admin/js/modal.js, line 3: Using //@ to indicate sourceMappingURL pragmas is deprecated. Use //# instead
JavaScript error: https://zd.winnermedical.com/minify?f=comps/raven-js/dist/raven.js,comps/raven-js/plugins/native.js,comps/raven-js/plugins/jquery.js,comps/raven-js/plugins/require.js, line 107: RavenConfigError: Invalid DSN: http://@/1
1600393587231	Marionette	INFO	Stopped listening on port 49521
